This file contains any messages produced by compilers while
running configure, to aid debugging if configure makes a mistake.

configure:597: checking for a BSD compatible install
configure:650: checking whether build environment is sane
configure:707: checking whether make sets ${MAKE}
configure:753: checking for working aclocal
configure:766: checking for working autoconf
configure:779: checking for working automake
configure:792: checking for working autoheader
configure:805: checking for working makeinfo
configure:824: checking whether to enable maintainer-specific portions of Makefiles
configure:850: checking for gcc
configure:963: checking whether the C compiler (gcc  ) works
configure:979: gcc -o conftest    conftest.c  1>&5
configure:1005: checking whether the C compiler (gcc  ) is a cross-compiler
configure:1010: checking whether we are using GNU C
configure:1019: gcc -E conftest.c
configure:1038: checking whether gcc accepts -g
configure:1070: checking for POSIXized ISC
configure:1093: checking for gcc
configure:1206: checking whether the C compiler (gcc -g -O2 ) works
configure:1222: gcc -o conftest -g -O2   conftest.c  1>&5
configure:1248: checking whether the C compiler (gcc -g -O2 ) is a cross-compiler
configure:1253: checking whether we are using GNU C
configure:1281: checking whether gcc accepts -g
configure:1313: checking how to run the C preprocessor
configure:1334: gcc -E  conftest.c >/dev/null 2>conftest.out
configure:1393: checking for ANSI C header files
configure:1406: gcc -E  conftest.c >/dev/null 2>conftest.out
configure:1473: gcc -o conftest -g -O2   conftest.c  1>&5
configure: In function 'main':
configure:1468:67: warning: incompatible implicit declaration of built-in function 'exit' [enabled by default]
 if (XOR (islower (i), ISLOWER (i)) || toupper (i) != TOUPPER (i)) exit(2);
                                                                   ^
configure:1591: checking host system type
configure:1612: checking build system type
configure:1632: checking for ranlib
configure:1671: checking for ld used by GCC
configure:1733: checking if the linker (/bin/ld) is GNU ld
GNU ld version 2.27-34.base.el7
configure:1749: checking for BSD-compatible nm
configure:1785: checking whether ln -s works
